<?xml version="1.0" encoding="UTF-8" ?>
<testsuite tests="4" failures="0" name="cn.spring.study.test.ApiTest" time="0.057" errors="0" skipped="0">
  <properties>
[...]
</properties>
  <testcase classname="cn.spring.study.test.ApiTest" name="test_constructor" time="0.013"/>
  <testcase classname="cn.spring.study.test.ApiTest" name="test_BeanFactory" time="0.044"/>
  <testcase classname="cn.spring.study.test.ApiTest" name="test_cglib" time="0"/>
  <testcase classname="cn.spring.study.test.ApiTest" name="test_newInstance" time="0"/>
</testsuite>